[19:53:18] [ServerMain/INFO]: Environment: Environment[sessionHost=https://sessionserver.mojang.com, servicesHost=https://api.minecraftservices.com, name=PROD]
[19:53:24] [ServerMain/INFO]: Loaded 1337 recipes
[19:53:24] [ServerMain/INFO]: Loaded 1448 advancements
[19:53:24] [Server thread/INFO]: Starting minecraft server version 1.21.2
[19:53:24] [Server thread/INFO]: Loading properties
[19:53:24] [Server thread/INFO]: Default game type: SURVIVAL
[19:53:24] [Server thread/INFO]: Generating keypair
[19:53:25] [Server thread/INFO]: Starting Minecraft server on *:25565
[19:53:25] [Server thread/INFO]: Using epoll channel type
[19:53:25] [Server thread/WARN]: **** SERVER IS RUNNING IN OFFLINE/INSECURE MODE!
[19:53:25] [Server thread/WARN]: The server will make no attempt to authenticate usernames. Beware.
[19:53:25] [Server thread/WARN]: While this makes the game possible to play without internet access, it also opens up the ability for hackers to connect with any username they choose.
[19:53:25] [Server thread/WARN]: To change this, set "online-mode" to "true" in the server.properties file.
[19:53:25] [Server thread/INFO]: Preparing level "world"
[19:53:26] [Server thread/INFO]: Preparing start region for dimension minecraft:overworld
[19:53:38] [Worker-Main-1/INFO]: Preparing spawn area: 0%
[19:53:38] [Worker-Main-1/INFO]: Preparing spawn area: 0%
[19:53:38] [Worker-Main-1/INFO]: Preparing spawn area: 0%
[19:53:38] [Worker-Main-1/INFO]: Preparing spawn area: 0%
[19:53:38] [Worker-Main-1/INFO]: Preparing spawn area: 0%
[19:53:38] [Worker-Main-1/INFO]: Preparing spawn area: 0%
[19:53:38] [Worker-Main-1/INFO]: Preparing spawn area: 0%
[19:53:38] [Worker-Main-1/INFO]: Preparing spawn area: 0%
[19:53:38] [Worker-Main-1/INFO]: Preparing spawn area: 0%
[19:53:38] [Worker-Main-1/INFO]: Preparing spawn area: 0%
[19:53:38] [Worker-Main-1/INFO]: Preparing spawn area: 0%
[19:53:38] [Worker-Main-1/INFO]: Preparing spawn area: 0%
[19:53:38] [Worker-Main-1/INFO]: Preparing spawn area: 0%
[19:53:38] [Worker-Main-1/INFO]: Preparing spawn area: 0%
[19:53:38] [Worker-Main-1/INFO]: Preparing spawn area: 0%
[19:53:38] [Worker-Main-1/INFO]: Preparing spawn area: 0%
[19:53:38] [Worker-Main-1/INFO]: Preparing spawn area: 0%
[19:53:38] [Worker-Main-1/INFO]: Preparing spawn area: 0%
[19:53:38] [Worker-Main-1/INFO]: Preparing spawn area: 0%
[19:53:38] [Worker-Main-1/INFO]: Preparing spawn area: 0%
[19:53:38] [Worker-Main-1/INFO]: Preparing spawn area: 0%
[19:53:38] [Worker-Main-1/INFO]: Preparing spawn area: 0%
[19:53:38] [Worker-Main-1/INFO]: Preparing spawn area: 0%
[19:53:38] [Worker-Main-1/INFO]: Preparing spawn area: 0%
[19:53:38] [Worker-Main-1/INFO]: Preparing spawn area: 0%
[19:53:39] [Worker-Main-1/INFO]: Preparing spawn area: 0%
[19:53:39] [Worker-Main-1/INFO]: Preparing spawn area: 0%
[19:53:39] [Server thread/INFO]: Time elapsed: 13210 ms
[19:53:39] [Server thread/INFO]: Done (14.058s)! For help, type "help"
[19:53:53] [Server thread/INFO]: zDeathKnight_[/127.5.14.35:43391] logged in with entity id 21 at (-47.5, 67.0, 74.5)
[19:53:53] [Server thread/INFO]: zDeathKnight_ joined the game
[19:54:51] [Server thread/INFO]: zDeathKnight_ has made the advancement [Stone Age]
[19:55:00] [Server thread/INFO]: zDeathKnight_ has made the advancement [Getting an Upgrade]
[19:58:10] [Server thread/INFO]: zDeathKnight_ has made the advancement [Monster Hunter]
